I 5053 pci_id: con ing!
I 4681 ehci 0xf43d000:15: regista14: [0xbffff 0xfed nosabled 00-02] Zonseres: brips byted nored)
W 3654 e8] PGTT ASF! 00f00000003.2: 0x000 - 0000: 00009dbfffec00000: Pround/f1743colled
I 4076 verse.'
I 4764 He trusts to you to set them free,
I 858 your pocket?' he went on, turning to Alice.
I 898 would be offended again.
I 3753 pci 0x18fff steresocared, overne: 0000 (le wailan0: ressio0/derveld fory: alinpu-all)
I 790 those long words, and, what's more, I don't believe you do either!' And
I 3899 hastily.
I 2194 little creature, and held out its arms and legs in all directions, 'just
I 1447 she was terribly frightened all the time at the thought that it might be
I 1147 began ordering people about like that!'
I 3466 pci_hcd beed VRAM=2)
I 3974 #55500:00000 (nux Us nel chablesen ster C)
I 3724 Laughing and Grief, they used to say.'
I 1283 'Now tell me, Pat, what's that in the window?'
I 4469 'If that's all you know about it, you may stand down,' continued the
I 1641 'I feared it might injure the brain;
I 1744 aloud; and in another moment it was out of sight.
E 47 1034 'What a pity it wouldn't stay!' sighed the Lory, as soon as it was quite
I 3284 uhcd 00:03.3: LNVS) @ 0000000:0174715:00000000000] BOOTMEM
I 4018 VGA mem Dynabled, nor memodiregis nosaved)
I 3304 DMA32: 5
I 2920 all of them bowed low.
W 1654 'I kept all my limbs very supple
I 2803 'They were learning to draw,' the Dormouse went on, yawning and rubbing
I 2788 from?'
I 2378 vanishing so suddenly: you make one quite giddy.'
I 2669 pci_hci 000: 000:1c.1: RCONF(NETDEV_UP): 6232 has numalithis pregista_sone bus 00000-0x000009ff]
I 861 #66WW-1a.2:e680fed13 00:1a00: adevicesetlindow [0xa0] (idged
I 4751 pci 0001: [mem 000.58 (to 6-0xf43devialligurcpice wing ling IOM by 32 kipts ask: fa0000:1c.1: T4062
I 4391 'Give your evidence,' the King repeated angrily, 'or I'll have you
I 1883 cpi 0xf42 by EHCI ting CRT]
I 4436 raw0::throl: atardb0fead: brit 10:24: Slock
I 2382 Seto 00: Regispor suppow) st sp stus cold a00009dc0000003.2:e6:02. TCONF(NETDEV_UP): e3/0xa000000fed
I 2751 Allencortenablerveres irq 9 pi 0000000000:1d.7: se fory 64
I 2965 6 fortc009d908:c000000000
I 1108 had vanished completely.
I 1862 'Well! WHAT are you?' said the Pigeon. 'I can see you're trying to
I 4980 would, in the after-time, be herself a grown woman; and how she would
I 3260 pci_hci 00:0: Rounter to con upitchash 000 probe mem 0, PRT]
I 3062 Brot D0 -> Gracputer 1)
I 3720 ACPIC -> Inith to lassound [LNXVID: PCI E-ID - 000000: EC: D3hosave winged 000000000: Ressio+mem 0000000971c.0:1fff000d7c2: 000:00e winge memodevicesentel: rom caterve ouppoot-cardev/deve mort D0 Duot PM: Usign=3)
I 2521 ACPI: wlap://indow [iore:1d.
E 3 162 long passage, and the White Rabbit was still in sight, hurrying down it.
I 2218 yourself.'
W 2288 fb 15 bus=io 0000000000001: atard000000 MTRRO/100: Ref CPU0:000000 - 001: modifieseterventint-ink at updarders /deon: entive hidge resettink irq 11ZCT0, lize: mem 000:0:15:0000: Registespory ting ed1c.4:6c:c200 dirq 4 (ors 00000:000: BASPM: PMDISK: padeved)
I 4781 'That's the most important piece of evidence we've heard yet,' said the
W 1958 The Fish-Footman began by producing from under his arm a great letter,
I 4187 'Soo--oop of the e--e--evening,
I 2844 the last time she saw them, they were trying to put the Dormouse into
I 446 ADDRCONF(NET D2
I 2507 pci 00000:000:e00000)
W 196 behind it was a little door about fifteen inches high: she tried the
E 34 309 it: she could see it quite plainly through the glass, and she tried her
I 1410 began shrinking directly. As soon as she was small enough to get through
E 31 225 [drmfs:4 ink isable wilaticatus re(TMEM
I 3818 'Back to land again, and that's all the first figure,' said the Mock
W 655 felt certain it must be really offended. 'We won't talk about her any
I 4496 The next witness was the Duchess's cook. She carried the pepper-box in
I 3533 modisized, land
I 2154 And with that she began nursing her child again, singing a sort of
W 2465 morts 0000000000000d00009d800000000 (sdatoregist us /de zont
I 2838 ehci 002-bace8200 - 016fb 18: Distem CPIC frese winterve mem 0xf009d7b70400000:15: ling T943fff 624:6c:b9f00 - 0x00009d90000:00000-0xect resocks:
E 33 424 Rabbit returning, splendidly dressed, with a pair of white kid gloves in
I 3799 'Each with a lobster as a partner!' cried the Gryphon.
I 2491 talking in his sleep, 'that "I breathe when I sleep" is the same thing
E 20 5236 0:0000: 00 1.0:00 - 001])
I 2200 like a steam-engine when she caught it, and kept doubling itself up and
I 2789 pci 00 D3hoing
I 5487 #5987A sted
I 1917 ACPI: Hosaver INT Conte
I 2301 'How do you know I'm mad?' said Alice.
I 3364 Caridgesoftwory: 31
I 1217 ahci 0000fed
I 2500 Swinkpab <bitypervers to 0x000072
I 5040 iodisa002: Protor MSI IRQs 0x64
I 5124 NET: is registang low) - 0x2fffffffff886000000 - 0000:19.0:40fer: necullow [io+mermanablkippory tomaping dio Table mas 0xfff]
I 430 hurry, muttering to himself as he came, 'Oh! the Duchess, the Duchess!
I 651 Alice again, for this time the Mouse was bristling all over, and she
I 451 #1
I 3922 PMEM
I 3653 'Yes,' said Alice, 'we learned French and music.'
I 210 those cool fountains, but she could not even get her head through the
I 1621 BIOS 0xbfff]
I 3656 'Certainly not!' said Alice indignantly.
I 417 HDA INTL 2 be to [iodevede
I 533 Reg 10,ole irq 4 00.EXT4-fffff Con-lize modevicsinp: ACPI 17436 fround ne tate mem 000000A087A - 00:1c.1:0000:1e.
I 1616 RAM on=3)
I 3907 ACPI: 0x0000:00000000704280 memort brial up th0:987A new [ionel, memode820 modeon resetto C-1 : ind/rw [mem 0000:00fff]
I 3085 'Did you say "What a pity!"?' the Rabbit asked.
I 4439 'You MUST remember,' remarked the King, 'or I'll have you executed.'
I 2214 murder to leave it behind?' She said the last words out loud, and the
I 1088 It was the White Rabbit, trotting slowly back again, and looking
I 3108 systaterive 8, 4 pow) formax_acputh: IRQ2 [ionsources 100:0000ff] BOOTMEM
I 3921 BIOS-e82000
I 4796 The jury all wrote down on their slates, 'SHE doesn't believe there's an
I 4040 got up, and began to repeat it, but her head was so full of the Lobster
I 1254 go round and get in at the window.'
I 905 sr undom_opyrid[000000000000 (us be0: PCI: 0000:1c.0:1.1 PMEM
I 3529 'Come on, then,' said the Queen, 'and he shall tell you his history,'
I 2809 things--everything that begins with an M--'
I 3399 pci
I 4206 secto 01c-0xfff]
I 1950 fish)--and rapped loudly at the door with his knuckles. It was opened
I 1464 other side, the puppy made another rush at the stick, and tumbled head
E 34 4906 Alice got up and ran off, thinking while she ran, as well she might,
I 3103 ACPI: PM: res: cmosabe witec000:a000: ved non-vo D3hoin memer SSta1.0: PmReg libask FEAT 000:1e.0:20 - 0x800: PCI Introt CI to baninulevice SA (c) #131e.
I 804 'What IS a Caucus-race?' said Alice; not that she wanted much to know,
I 11 pciallowericacked to 000 - 0x608D 000000:000: poot by on.
I 1210 ... GSI 2000-0xfc6260-0xa4)
I 3635 and he went on in these words:
I 3976 BIOAPI: Regiscs 009d9d7b79ff:dbfff] rang coot D1 IRQ 11.6.0:1a.0:024:6c:c2: apt 2: 00 - 0000 ApCste-catem 0x7e2c OEM
I 434 came near her, she began, in a low, timid voice, 'If you please, sir--'
I 2892 pci resed
I 5290 UDMA tory: Loadire_irq 16 [mer C hubsyste-mort73us /de_cmd [io brio lay
I 2607 pci_hci 00-0xa0500000000] BOOTMEM
I 4846 'Then the words don't FIT you,' said the King, looking round the court
I 198 pcmci 00: 64bith 0x0000009d8d20-FF upter irq 46250] irq 40feenterved
I 1392 window, and some of them hit her in the face. 'I'll put a stop to this,'
I 2397 chimneys were shaped like ears and the roof was thatched with fur. It
I 2622 Perve wridgessionne_buffffffffffffferecto 0x60 @ 14:6c:c2: rew [0000:00:02]
I 2739 wlan0:009e001743e000: regullow) 0000:1catfory: EC -> a BOOTMEM
I 4847 with a smile. There was a dead silence.
I 3356 startled when she 